0 info it worked if it ends with ok
1 verbose cli [ 'C:\\Users\\Kim\\AppData\\Local\\.meteor\\packages\\meteor-tool\\1.3.2_4\\mt-os.windows.x86_32\\dev_bundle\\bin\\\\node.exe',
1 verbose cli   'C:\\Users\\Kim\\AppData\\Local\\.meteor\\packages\\meteor-tool\\1.3.2_4\\mt-os.windows.x86_32\\dev_bundle\\lib\\node_modules\\npm\\bin\\npm-cli.js',
1 verbose cli   'install' ]
2 info using npm@2.14.22
3 info using node@v0.10.43
4 verbose readDependencies loading dependencies from C:\Users\Kim\Documents\BerkeleyBuilds\bawar\chat-bop\package.json
5 error install Couldn't read dependencies
6 verbose stack Error: Failed to parse json
6 verbose stack Trailing comma in object at 9:1
6 verbose stack }
6 verbose stack ^
6 verbose stack     at parseError (C:\Users\Kim\AppData\Local\.meteor\packages\meteor-tool\1.3.2_4\mt-os.windows.x86_32\dev_bundle\lib\node_modules\npm\node_modules\read-package-json\read-json.js:379:11)
6 verbose stack     at parseJson (C:\Users\Kim\AppData\Local\.meteor\packages\meteor-tool\1.3.2_4\mt-os.windows.x86_32\dev_bundle\lib\node_modules\npm\node_modules\read-package-json\read-json.js:68:23)
6 verbose stack     at C:\Users\Kim\AppData\Local\.meteor\packages\meteor-tool\1.3.2_4\mt-os.windows.x86_32\dev_bundle\lib\node_modules\npm\node_modules\read-package-json\read-json.js:48:5
6 verbose stack     at C:\Users\Kim\AppData\Local\.meteor\packages\meteor-tool\1.3.2_4\mt-os.windows.x86_32\dev_bundle\lib\node_modules\npm\node_modules\graceful-fs\graceful-fs.js:78:16
6 verbose stack     at fs.js:272:14
6 verbose stack     at C:\Users\Kim\AppData\Local\.meteor\packages\meteor-tool\1.3.2_4\mt-os.windows.x86_32\dev_bundle\lib\node_modules\npm\node_modules\graceful-fs\graceful-fs.js:43:10
6 verbose stack     at Object.oncomplete (fs.js:108:15)
7 verbose cwd C:\Users\Kim\Documents\BerkeleyBuilds\bawar\chat-bop
8 error Windows_NT 10.0.10586
9 error argv "C:\\Users\\Kim\\AppData\\Local\\.meteor\\packages\\meteor-tool\\1.3.2_4\\mt-os.windows.x86_32\\dev_bundle\\bin\\\\node.exe" "C:\\Users\\Kim\\AppData\\Local\\.meteor\\packages\\meteor-tool\\1.3.2_4\\mt-os.windows.x86_32\\dev_bundle\\lib\\node_modules\\npm\\bin\\npm-cli.js" "install"
10 error node v0.10.43
11 error npm  v2.14.22
12 error file C:\Users\Kim\Documents\BerkeleyBuilds\bawar\chat-bop\package.json
13 error code EJSONPARSE
14 error Failed to parse json
14 error Trailing comma in object at 9:1
14 error }
14 error ^
15 error File: C:\Users\Kim\Documents\BerkeleyBuilds\bawar\chat-bop\package.json
16 error Failed to parse package.json data.
16 error package.json must be actual JSON, not just JavaScript.
16 error
16 error This is not a bug in npm.
16 error Tell the package author to fix their package.json file. JSON.parse
17 verbose exit [ 1, true ]
